2009-12-29 23:18:14 (KRAT)	2 Warning	mkdir() [<a href='function.mkdir'>function.mkdir</a>]: Invalid argument	File: fns_tinybrowser.php	Line: 5	
2009-12-29 23:18:14 (KRAT)	2 Warning	mkdir() [<a href='function.mkdir'>function.mkdir</a>]: Invalid argument	File: fns_tinybrowser.php	Line: 5	
2009-12-29 23:18:14 (KRAT)	2 Warning	mkdir() [<a href='function.mkdir'>function.mkdir</a>]: Invalid argument	File: fns_tinybrowser.php	Line: 5	
2009-12-29 23:18:14 (KRAT)	2 Warning	mkdir() [<a href='function.mkdir'>function.mkdir</a>]: Invalid argument	File: fns_tinybrowser.php	Line: 5	
2009-12-29 23:18:14 (KRAT)	2 Warning	mkdir() [<a href='function.mkdir'>function.mkdir</a>]: Invalid argument	File: fns_tinybrowser.php	Line: 5	
2009-12-29 23:18:14 (KRAT)	2 Warning	mkdir() [<a href='function.mkdir'>function.mkdir</a>]: Invalid argument	File: fns_tinybrowser.php	Line: 5	
2009-12-29 23:18:14 (KRAT)	2 Warning	mkdir() [<a href='function.mkdir'>function.mkdir</a>]: Invalid argument	File: fns_tinybrowser.php	Line: 5	
2009-12-29 23:18:14 (KRAT)	2 Warning	mkdir() [<a href='function.mkdir'>function.mkdir</a>]: Invalid argument	File: fns_tinybrowser.php	Line: 5	
2009-12-29 23:18:14 (KRAT)	2 Warning	opendir(C:/xampp/htdocsC:/xampp/htdocs/scb/system/../uploads/images/) [<a href='function.opendir'>function.opendir</a>]: failed to open dir: No such file or directory	File: fns_tinybrowser.php	Line: 363	
2009-12-29 23:18:14 (KRAT)	2 Warning	readdir(): supplied argument is not a valid Directory resource	File: fns_tinybrowser.php	Line: 364	
2009-12-29 23:18:14 (KRAT)	2 Warning	closedir(): supplied argument is not a valid Directory resource	File: fns_tinybrowser.php	Line: 380	
2009-12-29 23:18:26 (KRAT)	2 Warning	mkdir() [<a href='function.mkdir'>function.mkdir</a>]: Invalid argument	File: fns_tinybrowser.php	Line: 5	
2009-12-29 23:18:26 (KRAT)	2 Warning	mkdir() [<a href='function.mkdir'>function.mkdir</a>]: Invalid argument	File: fns_tinybrowser.php	Line: 5	
2009-12-29 23:18:26 (KRAT)	2 Warning	mkdir() [<a href='function.mkdir'>function.mkdir</a>]: Invalid argument	File: fns_tinybrowser.php	Line: 5	
2009-12-29 23:18:26 (KRAT)	2 Warning	mkdir() [<a href='function.mkdir'>function.mkdir</a>]: Invalid argument	File: fns_tinybrowser.php	Line: 5	
2009-12-29 23:18:26 (KRAT)	2 Warning	mkdir() [<a href='function.mkdir'>function.mkdir</a>]: Invalid argument	File: fns_tinybrowser.php	Line: 5	
2009-12-29 23:18:26 (KRAT)	2 Warning	mkdir() [<a href='function.mkdir'>function.mkdir</a>]: Invalid argument	File: fns_tinybrowser.php	Line: 5	
2009-12-29 23:18:26 (KRAT)	2 Warning	mkdir() [<a href='function.mkdir'>function.mkdir</a>]: Invalid argument	File: fns_tinybrowser.php	Line: 5	
2009-12-29 23:18:26 (KRAT)	2 Warning	mkdir() [<a href='function.mkdir'>function.mkdir</a>]: Invalid argument	File: fns_tinybrowser.php	Line: 5	
2009-12-29 23:18:26 (KRAT)	2 Warning	opendir(C:/xampp/htdocsC:/xampp/htdocs/scb/system/../uploads/images/) [<a href='function.opendir'>function.opendir</a>]: failed to open dir: No such file or directory	File: fns_tinybrowser.php	Line: 363	
2009-12-29 23:18:26 (KRAT)	2 Warning	readdir(): supplied argument is not a valid Directory resource	File: fns_tinybrowser.php	Line: 364	
2009-12-29 23:18:26 (KRAT)	2 Warning	closedir(): supplied argument is not a valid Directory resource	File: fns_tinybrowser.php	Line: 380	
2009-12-29 23:19:51 (KRAT)	2 Warning	mkdir() [<a href='function.mkdir'>function.mkdir</a>]: Invalid argument	File: fns_tinybrowser.php	Line: 5	
2009-12-29 23:19:51 (KRAT)	2 Warning	mkdir() [<a href='function.mkdir'>function.mkdir</a>]: Invalid argument	File: fns_tinybrowser.php	Line: 5	
2009-12-29 23:19:51 (KRAT)	2 Warning	mkdir() [<a href='function.mkdir'>function.mkdir</a>]: Invalid argument	File: fns_tinybrowser.php	Line: 5	
2009-12-29 23:19:51 (KRAT)	2 Warning	mkdir() [<a href='function.mkdir'>function.mkdir</a>]: Invalid argument	File: fns_tinybrowser.php	Line: 5	
2009-12-29 23:19:51 (KRAT)	2 Warning	mkdir() [<a href='function.mkdir'>function.mkdir</a>]: Invalid argument	File: fns_tinybrowser.php	Line: 5	
2009-12-29 23:19:51 (KRAT)	2 Warning	mkdir() [<a href='function.mkdir'>function.mkdir</a>]: Invalid argument	File: fns_tinybrowser.php	Line: 5	
2009-12-29 23:19:51 (KRAT)	2 Warning	mkdir() [<a href='function.mkdir'>function.mkdir</a>]: Invalid argument	File: fns_tinybrowser.php	Line: 5	
2009-12-29 23:19:51 (KRAT)	2 Warning	mkdir() [<a href='function.mkdir'>function.mkdir</a>]: Invalid argument	File: fns_tinybrowser.php	Line: 5	
2009-12-29 23:19:51 (KRAT)	2 Warning	opendir(C:/xampp/htdocsC:/xampp/htdocs/scb/system/../uploads/images/) [<a href='function.opendir'>function.opendir</a>]: failed to open dir: No such file or directory	File: fns_tinybrowser.php	Line: 363	
2009-12-29 23:19:51 (KRAT)	2 Warning	readdir(): supplied argument is not a valid Directory resource	File: fns_tinybrowser.php	Line: 364	
2009-12-29 23:19:51 (KRAT)	2 Warning	closedir(): supplied argument is not a valid Directory resource	File: fns_tinybrowser.php	Line: 380	
2009-12-29 23:20:46 (KRAT)	2 Warning	mkdir() [<a href='function.mkdir'>function.mkdir</a>]: Invalid argument	File: fns_tinybrowser.php	Line: 5	
2009-12-29 23:20:46 (KRAT)	2 Warning	mkdir() [<a href='function.mkdir'>function.mkdir</a>]: Invalid argument	File: fns_tinybrowser.php	Line: 5	
2009-12-29 23:20:46 (KRAT)	2 Warning	mkdir() [<a href='function.mkdir'>function.mkdir</a>]: Invalid argument	File: fns_tinybrowser.php	Line: 5	
2009-12-29 23:20:46 (KRAT)	2 Warning	mkdir() [<a href='function.mkdir'>function.mkdir</a>]: Invalid argument	File: fns_tinybrowser.php	Line: 5	
2009-12-29 23:20:46 (KRAT)	2 Warning	mkdir() [<a href='function.mkdir'>function.mkdir</a>]: Invalid argument	File: fns_tinybrowser.php	Line: 5	
2009-12-29 23:20:46 (KRAT)	2 Warning	mkdir() [<a href='function.mkdir'>function.mkdir</a>]: Invalid argument	File: fns_tinybrowser.php	Line: 5	
2009-12-29 23:20:46 (KRAT)	2 Warning	mkdir() [<a href='function.mkdir'>function.mkdir</a>]: Invalid argument	File: fns_tinybrowser.php	Line: 5	
2009-12-29 23:20:46 (KRAT)	2 Warning	mkdir() [<a href='function.mkdir'>function.mkdir</a>]: Invalid argument	File: fns_tinybrowser.php	Line: 5	
2009-12-29 23:20:46 (KRAT)	2 Warning	opendir(C:/xampp/htdocsC:/xampp/htdocs/scb/system/../uploads/images/) [<a href='function.opendir'>function.opendir</a>]: failed to open dir: No such file or directory	File: fns_tinybrowser.php	Line: 363	
2009-12-29 23:20:46 (KRAT)	2 Warning	readdir(): supplied argument is not a valid Directory resource	File: fns_tinybrowser.php	Line: 364	
2009-12-29 23:20:46 (KRAT)	2 Warning	closedir(): supplied argument is not a valid Directory resource	File: fns_tinybrowser.php	Line: 380	
2009-12-29 23:21:40 (KRAT)	2 Warning	mkdir() [<a href='function.mkdir'>function.mkdir</a>]: Invalid argument	File: fns_tinybrowser.php	Line: 5	
2009-12-29 23:21:40 (KRAT)	2 Warning	mkdir() [<a href='function.mkdir'>function.mkdir</a>]: Invalid argument	File: fns_tinybrowser.php	Line: 5	
2009-12-29 23:21:40 (KRAT)	2 Warning	mkdir() [<a href='function.mkdir'>function.mkdir</a>]: Invalid argument	File: fns_tinybrowser.php	Line: 5	
2009-12-29 23:21:40 (KRAT)	2 Warning	mkdir() [<a href='function.mkdir'>function.mkdir</a>]: Invalid argument	File: fns_tinybrowser.php	Line: 5	
2009-12-29 23:21:40 (KRAT)	2 Warning	mkdir() [<a href='function.mkdir'>function.mkdir</a>]: Invalid argument	File: fns_tinybrowser.php	Line: 5	
2009-12-29 23:21:40 (KRAT)	2 Warning	mkdir() [<a href='function.mkdir'>function.mkdir</a>]: Invalid argument	File: fns_tinybrowser.php	Line: 5	
2009-12-29 23:21:40 (KRAT)	2 Warning	mkdir() [<a href='function.mkdir'>function.mkdir</a>]: Invalid argument	File: fns_tinybrowser.php	Line: 5	
2009-12-29 23:21:40 (KRAT)	2 Warning	mkdir() [<a href='function.mkdir'>function.mkdir</a>]: Invalid argument	File: fns_tinybrowser.php	Line: 5	
2009-12-29 23:21:40 (KRAT)	2 Warning	opendir(C:/xampp/htdocsC:/xampp/htdocs/scb/system/../uploads/images/) [<a href='function.opendir'>function.opendir</a>]: failed to open dir: No such file or directory	File: fns_tinybrowser.php	Line: 363	
2009-12-29 23:21:40 (KRAT)	2 Warning	readdir(): supplied argument is not a valid Directory resource	File: fns_tinybrowser.php	Line: 364	
2009-12-29 23:21:41 (KRAT)	2 Warning	closedir(): supplied argument is not a valid Directory resource	File: fns_tinybrowser.php	Line: 380	
2009-12-29 23:22:30 (KRAT)	2 Warning	mkdir() [<a href='function.mkdir'>function.mkdir</a>]: Invalid argument	File: fns_tinybrowser.php	Line: 5	
2009-12-29 23:22:30 (KRAT)	2 Warning	mkdir() [<a href='function.mkdir'>function.mkdir</a>]: Invalid argument	File: fns_tinybrowser.php	Line: 5	
2009-12-29 23:22:30 (KRAT)	2 Warning	mkdir() [<a href='function.mkdir'>function.mkdir</a>]: Invalid argument	File: fns_tinybrowser.php	Line: 5	
2009-12-29 23:22:30 (KRAT)	2 Warning	mkdir() [<a href='function.mkdir'>function.mkdir</a>]: Invalid argument	File: fns_tinybrowser.php	Line: 5	
2009-12-29 23:22:30 (KRAT)	2 Warning	mkdir() [<a href='function.mkdir'>function.mkdir</a>]: Invalid argument	File: fns_tinybrowser.php	Line: 5	
2009-12-29 23:22:30 (KRAT)	2 Warning	opendir(C:/xampp/htdocsC:/xampp/htdocs/scb/images/) [<a href='function.opendir'>function.opendir</a>]: failed to open dir: No such file or directory	File: fns_tinybrowser.php	Line: 363	
2009-12-29 23:22:30 (KRAT)	2 Warning	readdir(): supplied argument is not a valid Directory resource	File: fns_tinybrowser.php	Line: 364	
2009-12-29 23:22:30 (KRAT)	2 Warning	closedir(): supplied argument is not a valid Directory resource	File: fns_tinybrowser.php	Line: 380	
2009-12-29 23:22:43 (KRAT)	2 Warning	mkdir() [<a href='function.mkdir'>function.mkdir</a>]: Invalid argument	File: fns_tinybrowser.php	Line: 5	
2009-12-29 23:22:43 (KRAT)	2 Warning	mkdir() [<a href='function.mkdir'>function.mkdir</a>]: Invalid argument	File: fns_tinybrowser.php	Line: 5	
2009-12-29 23:22:43 (KRAT)	2 Warning	mkdir() [<a href='function.mkdir'>function.mkdir</a>]: Invalid argument	File: fns_tinybrowser.php	Line: 5	
2009-12-29 23:22:43 (KRAT)	2 Warning	mkdir() [<a href='function.mkdir'>function.mkdir</a>]: Invalid argument	File: fns_tinybrowser.php	Line: 5	
2009-12-29 23:22:43 (KRAT)	2 Warning	mkdir() [<a href='function.mkdir'>function.mkdir</a>]: Invalid argument	File: fns_tinybrowser.php	Line: 5	
2009-12-29 23:22:43 (KRAT)	2 Warning	mkdir() [<a href='function.mkdir'>function.mkdir</a>]: Invalid argument	File: fns_tinybrowser.php	Line: 5	
2009-12-29 23:22:43 (KRAT)	2 Warning	opendir(C:/xampp/htdocsC:/xampp/htdocs/scb/uploads/images/) [<a href='function.opendir'>function.opendir</a>]: failed to open dir: No such file or directory	File: fns_tinybrowser.php	Line: 363	
2009-12-29 23:22:43 (KRAT)	2 Warning	readdir(): supplied argument is not a valid Directory resource	File: fns_tinybrowser.php	Line: 364	
2009-12-29 23:22:44 (KRAT)	2 Warning	closedir(): supplied argument is not a valid Directory resource	File: fns_tinybrowser.php	Line: 380	
2009-12-29 23:36:14 (KRAT)	2 Warning	mkdir() [<a href='function.mkdir'>function.mkdir</a>]: Invalid argument	File: fns_tinybrowser.php	Line: 5	
2009-12-29 23:36:14 (KRAT)	2 Warning	mkdir() [<a href='function.mkdir'>function.mkdir</a>]: Invalid argument	File: fns_tinybrowser.php	Line: 5	
2009-12-29 23:36:14 (KRAT)	2 Warning	mkdir() [<a href='function.mkdir'>function.mkdir</a>]: Invalid argument	File: fns_tinybrowser.php	Line: 5	
2009-12-29 23:36:14 (KRAT)	2 Warning	mkdir() [<a href='function.mkdir'>function.mkdir</a>]: Invalid argument	File: fns_tinybrowser.php	Line: 5	
2009-12-29 23:36:14 (KRAT)	2 Warning	mkdir() [<a href='function.mkdir'>function.mkdir</a>]: Invalid argument	File: fns_tinybrowser.php	Line: 5	
2009-12-29 23:36:14 (KRAT)	2 Warning	mkdir() [<a href='function.mkdir'>function.mkdir</a>]: Invalid argument	File: fns_tinybrowser.php	Line: 5	
2009-12-29 23:36:14 (KRAT)	2 Warning	opendir(C:\xampp\htdocs\scb\C:\xampp\htdocs\scb\/uploads/images/) [<a href='function.opendir'>function.opendir</a>]: failed to open dir: No such file or directory	File: fns_tinybrowser.php	Line: 363	
2009-12-29 23:36:14 (KRAT)	2 Warning	readdir(): supplied argument is not a valid Directory resource	File: fns_tinybrowser.php	Line: 364	
2009-12-29 23:36:15 (KRAT)	2 Warning	closedir(): supplied argument is not a valid Directory resource	File: fns_tinybrowser.php	Line: 380	
2009-12-29 23:36:46 (KRAT)	2 Warning	mkdir() [<a href='function.mkdir'>function.mkdir</a>]: Invalid argument	File: fns_tinybrowser.php	Line: 5	
2009-12-29 23:36:46 (KRAT)	2 Warning	mkdir() [<a href='function.mkdir'>function.mkdir</a>]: Invalid argument	File: fns_tinybrowser.php	Line: 5	
2009-12-29 23:36:46 (KRAT)	2 Warning	mkdir() [<a href='function.mkdir'>function.mkdir</a>]: Invalid argument	File: fns_tinybrowser.php	Line: 5	
2009-12-29 23:36:46 (KRAT)	2 Warning	mkdir() [<a href='function.mkdir'>function.mkdir</a>]: Invalid argument	File: fns_tinybrowser.php	Line: 5	
2009-12-29 23:36:46 (KRAT)	2 Warning	mkdir() [<a href='function.mkdir'>function.mkdir</a>]: Invalid argument	File: fns_tinybrowser.php	Line: 5	
2009-12-29 23:36:46 (KRAT)	2 Warning	mkdir() [<a href='function.mkdir'>function.mkdir</a>]: Invalid argument	File: fns_tinybrowser.php	Line: 5	
2009-12-29 23:36:46 (KRAT)	2 Warning	opendir(C:\xampp\htdocs\scb\C:\xampp\htdocs\scb\uploads/images/) [<a href='function.opendir'>function.opendir</a>]: failed to open dir: No such file or directory	File: fns_tinybrowser.php	Line: 363	
2009-12-29 23:36:46 (KRAT)	2 Warning	readdir(): supplied argument is not a valid Directory resource	File: fns_tinybrowser.php	Line: 364	
2009-12-29 23:36:46 (KRAT)	2 Warning	closedir(): supplied argument is not a valid Directory resource	File: fns_tinybrowser.php	Line: 380	
2009-12-29 23:38:43 (KRAT)	2 Warning	mkdir() [<a href='function.mkdir'>function.mkdir</a>]: Invalid argument	File: fns_tinybrowser.php	Line: 5	
2009-12-29 23:38:43 (KRAT)	2 Warning	mkdir() [<a href='function.mkdir'>function.mkdir</a>]: Invalid argument	File: fns_tinybrowser.php	Line: 5	
2009-12-29 23:38:44 (KRAT)	2 Warning	mkdir() [<a href='function.mkdir'>function.mkdir</a>]: File exists	File: fns_tinybrowser.php	Line: 5	
2009-12-29 23:38:44 (KRAT)	2 Warning	mkdir() [<a href='function.mkdir'>function.mkdir</a>]: File exists	File: fns_tinybrowser.php	Line: 5	
2009-12-29 23:38:44 (KRAT)	2 Warning	mkdir() [<a href='function.mkdir'>function.mkdir</a>]: File exists	File: fns_tinybrowser.php	Line: 5	
2009-12-29 23:38:44 (KRAT)	2 Warning	mkdir() [<a href='function.mkdir'>function.mkdir</a>]: File exists	File: fns_tinybrowser.php	Line: 5	
2009-12-29 23:38:44 (KRAT)	2 Warning	opendir(C:\xampp\htdocs\scb\http://localhost/scb/uploads/images/) [<a href='function.opendir'>function.opendir</a>]: failed to open dir: File exists	File: fns_tinybrowser.php	Line: 363	
2009-12-29 23:38:44 (KRAT)	2 Warning	readdir(): supplied argument is not a valid Directory resource	File: fns_tinybrowser.php	Line: 364	
2009-12-29 23:38:44 (KRAT)	2 Warning	closedir(): supplied argument is not a valid Directory resource	File: fns_tinybrowser.php	Line: 380	
2009-12-29 23:39:34 (KRAT)	2 Warning	mkdir() [<a href='function.mkdir'>function.mkdir</a>]: Invalid argument	File: fns_tinybrowser.php	Line: 5	
2009-12-29 23:39:34 (KRAT)	2 Warning	mkdir() [<a href='function.mkdir'>function.mkdir</a>]: File exists	File: fns_tinybrowser.php	Line: 5	
2009-12-29 23:39:34 (KRAT)	2 Warning	mkdir() [<a href='function.mkdir'>function.mkdir</a>]: File exists	File: fns_tinybrowser.php	Line: 5	
2009-12-29 23:39:34 (KRAT)	2 Warning	mkdir() [<a href='function.mkdir'>function.mkdir</a>]: File exists	File: fns_tinybrowser.php	Line: 5	
2009-12-29 23:39:34 (KRAT)	2 Warning	mkdir() [<a href='function.mkdir'>function.mkdir</a>]: File exists	File: fns_tinybrowser.php	Line: 5	
2009-12-29 23:39:34 (KRAT)	2 Warning	opendir(C:\xampp\htdocs\scb\http://localhost/scb/uploads/images/) [<a href='function.opendir'>function.opendir</a>]: failed to open dir: File exists	File: fns_tinybrowser.php	Line: 363	
2009-12-29 23:39:34 (KRAT)	2 Warning	readdir(): supplied argument is not a valid Directory resource	File: fns_tinybrowser.php	Line: 364	
2009-12-29 23:39:34 (KRAT)	2 Warning	closedir(): supplied argument is not a valid Directory resource	File: fns_tinybrowser.php	Line: 380	
2009-12-29 23:39:45 (KRAT)	2 Warning	mkdir() [<a href='function.mkdir'>function.mkdir</a>]: Invalid argument	File: fns_tinybrowser.php	Line: 5	
2009-12-29 23:39:45 (KRAT)	2 Warning	mkdir() [<a href='function.mkdir'>function.mkdir</a>]: File exists	File: fns_tinybrowser.php	Line: 5	
2009-12-29 23:39:45 (KRAT)	2 Warning	mkdir() [<a href='function.mkdir'>function.mkdir</a>]: File exists	File: fns_tinybrowser.php	Line: 5	
2009-12-29 23:39:45 (KRAT)	2 Warning	mkdir() [<a href='function.mkdir'>function.mkdir</a>]: File exists	File: fns_tinybrowser.php	Line: 5	
2009-12-29 23:39:45 (KRAT)	2 Warning	mkdir() [<a href='function.mkdir'>function.mkdir</a>]: File exists	File: fns_tinybrowser.php	Line: 5	
2009-12-29 23:39:45 (KRAT)	2 Warning	opendir(C:\xampp\htdocs\scb\http://localhost/scb/uploads/images/) [<a href='function.opendir'>function.opendir</a>]: failed to open dir: File exists	File: fns_tinybrowser.php	Line: 363	
2009-12-29 23:39:45 (KRAT)	2 Warning	readdir(): supplied argument is not a valid Directory resource	File: fns_tinybrowser.php	Line: 364	
2009-12-29 23:39:45 (KRAT)	2 Warning	closedir(): supplied argument is not a valid Directory resource	File: fns_tinybrowser.php	Line: 380	
2009-12-29 23:39:51 (KRAT)	2 Warning	mkdir() [<a href='function.mkdir'>function.mkdir</a>]: Invalid argument	File: fns_tinybrowser.php	Line: 5	
2009-12-29 23:39:51 (KRAT)	2 Warning	mkdir() [<a href='function.mkdir'>function.mkdir</a>]: File exists	File: fns_tinybrowser.php	Line: 5	
2009-12-29 23:39:52 (KRAT)	2 Warning	mkdir() [<a href='function.mkdir'>function.mkdir</a>]: File exists	File: fns_tinybrowser.php	Line: 5	
2009-12-29 23:39:52 (KRAT)	2 Warning	mkdir() [<a href='function.mkdir'>function.mkdir</a>]: File exists	File: fns_tinybrowser.php	Line: 5	
2009-12-29 23:39:52 (KRAT)	2 Warning	mkdir() [<a href='function.mkdir'>function.mkdir</a>]: File exists	File: fns_tinybrowser.php	Line: 5	
2009-12-29 23:39:52 (KRAT)	2 Warning	opendir(C:\xampp\htdocs\scb\http://localhost/scb/uploads/images/) [<a href='function.opendir'>function.opendir</a>]: failed to open dir: File exists	File: fns_tinybrowser.php	Line: 363	
2009-12-29 23:39:52 (KRAT)	2 Warning	readdir(): supplied argument is not a valid Directory resource	File: fns_tinybrowser.php	Line: 364	
2009-12-29 23:39:52 (KRAT)	2 Warning	closedir(): supplied argument is not a valid Directory resource	File: fns_tinybrowser.php	Line: 380	
2009-12-29 23:40:55 (KRAT)	2 Warning	mkdir() [<a href='function.mkdir'>function.mkdir</a>]: Invalid argument	File: fns_tinybrowser.php	Line: 5	
2009-12-29 23:40:55 (KRAT)	2 Warning	mkdir() [<a href='function.mkdir'>function.mkdir</a>]: Invalid argument	File: fns_tinybrowser.php	Line: 5	
2009-12-29 23:40:56 (KRAT)	2 Warning	mkdir() [<a href='function.mkdir'>function.mkdir</a>]: Invalid argument	File: fns_tinybrowser.php	Line: 5	
2009-12-29 23:40:56 (KRAT)	2 Warning	mkdir() [<a href='function.mkdir'>function.mkdir</a>]: Invalid argument	File: fns_tinybrowser.php	Line: 5	
2009-12-29 23:40:56 (KRAT)	2 Warning	mkdir() [<a href='function.mkdir'>function.mkdir</a>]: Invalid argument	File: fns_tinybrowser.php	Line: 5	
2009-12-29 23:40:56 (KRAT)	2 Warning	mkdir() [<a href='function.mkdir'>function.mkdir</a>]: Invalid argument	File: fns_tinybrowser.php	Line: 5	
2009-12-29 23:40:56 (KRAT)	2 Warning	opendir(C:\xampp\htdocs\scb\C:\xampp\htdocs\scb\uploads/images/) [<a href='function.opendir'>function.opendir</a>]: failed to open dir: No such file or directory	File: fns_tinybrowser.php	Line: 363	
2009-12-29 23:40:56 (KRAT)	2 Warning	readdir(): supplied argument is not a valid Directory resource	File: fns_tinybrowser.php	Line: 364	
2009-12-29 23:40:56 (KRAT)	2 Warning	closedir(): supplied argument is not a valid Directory resource	File: fns_tinybrowser.php	Line: 380	
2009-12-29 23:41:04 (KRAT)	2 Warning	mkdir() [<a href='function.mkdir'>function.mkdir</a>]: Invalid argument	File: fns_tinybrowser.php	Line: 5	
2009-12-29 23:41:04 (KRAT)	2 Warning	mkdir() [<a href='function.mkdir'>function.mkdir</a>]: Invalid argument	File: fns_tinybrowser.php	Line: 5	
2009-12-29 23:41:04 (KRAT)	2 Warning	mkdir() [<a href='function.mkdir'>function.mkdir</a>]: Invalid argument	File: fns_tinybrowser.php	Line: 5	
2009-12-29 23:41:04 (KRAT)	2 Warning	mkdir() [<a href='function.mkdir'>function.mkdir</a>]: Invalid argument	File: fns_tinybrowser.php	Line: 5	
2009-12-29 23:41:04 (KRAT)	2 Warning	mkdir() [<a href='function.mkdir'>function.mkdir</a>]: Invalid argument	File: fns_tinybrowser.php	Line: 5	
2009-12-29 23:41:04 (KRAT)	2 Warning	mkdir() [<a href='function.mkdir'>function.mkdir</a>]: Invalid argument	File: fns_tinybrowser.php	Line: 5	
2009-12-29 23:41:04 (KRAT)	2 Warning	opendir(C:\xampp\htdocs\scb\C:\xampp\htdocs\scb\uploads/images/) [<a href='function.opendir'>function.opendir</a>]: failed to open dir: No such file or directory	File: fns_tinybrowser.php	Line: 363	
2009-12-29 23:41:05 (KRAT)	2 Warning	readdir(): supplied argument is not a valid Directory resource	File: fns_tinybrowser.php	Line: 364	
2009-12-29 23:41:05 (KRAT)	2 Warning	closedir(): supplied argument is not a valid Directory resource	File: fns_tinybrowser.php	Line: 380	
2009-12-29 23:41:19 (KRAT)	2 Warning	mkdir() [<a href='function.mkdir'>function.mkdir</a>]: Invalid argument	File: fns_tinybrowser.php	Line: 5	
2009-12-29 23:41:19 (KRAT)	2 Warning	mkdir() [<a href='function.mkdir'>function.mkdir</a>]: File exists	File: fns_tinybrowser.php	Line: 5	
2009-12-29 23:41:19 (KRAT)	2 Warning	mkdir() [<a href='function.mkdir'>function.mkdir</a>]: File exists	File: fns_tinybrowser.php	Line: 5	
2009-12-29 23:41:19 (KRAT)	2 Warning	mkdir() [<a href='function.mkdir'>function.mkdir</a>]: File exists	File: fns_tinybrowser.php	Line: 5	
2009-12-29 23:41:19 (KRAT)	2 Warning	mkdir() [<a href='function.mkdir'>function.mkdir</a>]: File exists	File: fns_tinybrowser.php	Line: 5	
2009-12-29 23:41:19 (KRAT)	2 Warning	opendir(C:\xampp\htdocs\scb\http://localhost/scb/uploads/images/) [<a href='function.opendir'>function.opendir</a>]: failed to open dir: File exists	File: fns_tinybrowser.php	Line: 363	
2009-12-29 23:41:19 (KRAT)	2 Warning	readdir(): supplied argument is not a valid Directory resource	File: fns_tinybrowser.php	Line: 364	
2009-12-29 23:41:19 (KRAT)	2 Warning	closedir(): supplied argument is not a valid Directory resource	File: fns_tinybrowser.php	Line: 380	
2009-12-29 23:42:15 (KRAT)	2 Warning	mkdir() [<a href='function.mkdir'>function.mkdir</a>]: Invalid argument	File: fns_tinybrowser.php	Line: 5	
2009-12-29 23:42:15 (KRAT)	2 Warning	opendir(http://localhost/scb/C:\xampp\htdocs\scb\uploads/images/) [<a href='function.opendir'>function.opendir</a>]: failed to open dir: not implemented	File: fns_tinybrowser.php	Line: 363	
2009-12-29 23:42:15 (KRAT)	2 Warning	readdir(): supplied argument is not a valid Directory resource	File: fns_tinybrowser.php	Line: 364	
2009-12-29 23:42:15 (KRAT)	2 Warning	closedir(): supplied argument is not a valid Directory resource	File: fns_tinybrowser.php	Line: 380	
2009-12-29 23:42:48 (KRAT)	2 Warning	mkdir() [<a href='function.mkdir'>function.mkdir</a>]: Invalid argument	File: fns_tinybrowser.php	Line: 5	
2009-12-29 23:42:48 (KRAT)	2 Warning	opendir(http://localhost/scb/C:/xampp/htdocs/scb/uploads/images/) [<a href='function.opendir'>function.opendir</a>]: failed to open dir: not implemented	File: fns_tinybrowser.php	Line: 363	
2009-12-29 23:42:48 (KRAT)	2 Warning	readdir(): supplied argument is not a valid Directory resource	File: fns_tinybrowser.php	Line: 364	
2009-12-29 23:42:48 (KRAT)	2 Warning	closedir(): supplied argument is not a valid Directory resource	File: fns_tinybrowser.php	Line: 380	
2009-12-29 23:43:19 (KRAT)	2 Warning	mkdir() [<a href='function.mkdir'>function.mkdir</a>]: Invalid argument	File: fns_tinybrowser.php	Line: 5	
2009-12-29 23:43:19 (KRAT)	2 Warning	opendir(http://localhost/scb/C:/xampp/htdocs/scb/uploads/images/) [<a href='function.opendir'>function.opendir</a>]: failed to open dir: not implemented	File: fns_tinybrowser.php	Line: 363	
2009-12-29 23:43:19 (KRAT)	2 Warning	readdir(): supplied argument is not a valid Directory resource	File: fns_tinybrowser.php	Line: 364	
2009-12-29 23:43:19 (KRAT)	2 Warning	closedir(): supplied argument is not a valid Directory resource	File: fns_tinybrowser.php	Line: 380	
2009-12-29 23:43:30 (KRAT)	2 Warning	mkdir() [<a href='function.mkdir'>function.mkdir</a>]: Invalid argument	File: fns_tinybrowser.php	Line: 5	
2009-12-29 23:43:30 (KRAT)	2 Warning	opendir(http://localhost/scb/C:/xampp/htdocs/scb/uploads/images/) [<a href='function.opendir'>function.opendir</a>]: failed to open dir: not implemented	File: fns_tinybrowser.php	Line: 363	
2009-12-29 23:43:30 (KRAT)	2 Warning	readdir(): supplied argument is not a valid Directory resource	File: fns_tinybrowser.php	Line: 364	
2009-12-29 23:43:30 (KRAT)	2 Warning	closedir(): supplied argument is not a valid Directory resource	File: fns_tinybrowser.php	Line: 380	
2009-12-29 23:47:53 (KRAT)	2 Warning	mkdir() [<a href='function.mkdir'>function.mkdir</a>]: Invalid argument	File: fns_tinybrowser.php	Line: 6	
2009-12-29 23:47:53 (KRAT)	2 Warning	opendir(http://localhost/scb/C:/xampp/htdocs/scb/uploads/images/) [<a href='function.opendir'>function.opendir</a>]: failed to open dir: not implemented	File: fns_tinybrowser.php	Line: 364	
2009-12-29 23:47:53 (KRAT)	2 Warning	readdir(): supplied argument is not a valid Directory resource	File: fns_tinybrowser.php	Line: 365	
2009-12-29 23:47:53 (KRAT)	2 Warning	closedir(): supplied argument is not a valid Directory resource	File: fns_tinybrowser.php	Line: 381	
2011-01-19 11:40:06 (WIT)	2 Warning	imagejpeg() [<a href='function.imagejpeg'>function.imagejpeg</a>]: Unable to open '/home/client/public_html/astragraphia/uploads/images/_thumbs/_fxgs-enterprise-document-outsourcing.jpg' for writing: No such file or directory	File: fns_tinybrowser.php	Line: 113	
